<?xml version="1.0" encoding="UTF-8"?>
<!-- Generated by org.testng.reporters.JUnitXMLReporter -->
<testsuite ignored="4" hostname="Aakashs-MacBook-Pro.local" failures="0" tests="1" name="Default test" time="46.657" errors="0" timestamp="2023-10-10T17:00:03 IST">
  <testcase classname="myTests.Amazon" name="test4" time="37.651"/>
  <testcase classname="myTests.Amazon" name="test1" time="0.0">
    <ignored/>
  </testcase> <!-- test1 -->
  <testcase classname="myTests.Amazon" name="test0" time="0.0">
    <ignored/>
  </testcase> <!-- test0 -->
  <testcase classname="myTests.Amazon" name="test3" time="0.0">
    <ignored/>
  </testcase> <!-- test3 -->
  <testcase classname="myTests.Amazon" name="test2" time="0.0">
    <ignored/>
  </testcase> <!-- test2 -->
</testsuite> <!-- Default test -->
