<?xml version="1.0" encoding="UTF-8"?>
<testng-results ignored="0" total="1" passed="1" failed="0" skipped="0">
  <reporter-output>
  </reporter-output>
  <suite started-at="2023-10-10T16:59:16 IST" name="Default suite" finished-at="2023-10-10T17:00:03 IST" duration-ms="46657">
    <groups>
    </groups>
    <test started-at="2023-10-10T16:59:16 IST" name="Default test" finished-at="2023-10-10T17:00:03 IST" duration-ms="46657">
      <class name="myTests.Amazon">
        <test-method is-config="true" signature="setup()[pri:0, instance:myTests.Amazon@4c402120]" started-at="2023-10-10T16:59:16 IST" name="setup" finished-at="2023-10-10T16:59:25 IST" duration-ms="8643" status="PASS">
          <reporter-output>
          </reporter-output>
        </test-method> <!-- setup -->
        <test-method signature="test4()[pri:0, instance:myTests.Amazon@4c402120]" started-at="2023-10-10T16:59:25 IST" name="test4" finished-at="2023-10-10T17:00:02 IST" duration-ms="37651" status="PASS">
          <reporter-output>
          </reporter-output>
        </test-method> <!-- test4 -->
        <test-method is-config="true" signature="tearDown()[pri:0, instance:myTests.Amazon@4c402120]" started-at="2023-10-10T17:00:02 IST" name="tearDown" finished-at="2023-10-10T17:00:03 IST" duration-ms="326" status="PASS">
          <reporter-output>
          </reporter-output>
        </test-method> <!-- tearDown -->
      </class> <!-- myTests.Amazon -->
    </test> <!-- Default test -->
  </suite> <!-- Default suite -->
</testng-results>
